2021-02-17 3:12:54 - MOD: Modification Default

FILE: system/engine/action.php
REGEX: ~(require|include)(_once)?\(([^)]+)~
LINE: 69

FILE: system/engine/loader.php
REGEX: ~(require|include)(_once)?\(([^)]+)~
LINE: 77
LINE: 151
LINE: 168

FILE: system/library/config.php
REGEX: ~(require|include)(_once)?\(([^)]+)~
LINE: 59

FILE: system/library/language.php
REGEX: ~(require|include)(_once)?\(([^)]+)~
LINE: 67
LINE: 73

FILE: system/library/template/template.php
REGEX: ~(require|include)(_once)?\(([^)]+)~
LINE: 18

FILE: system/library/template/twig.php
CODE: $loader = new \Twig_Loader_Filesystem(DIR_TEMPLATE);
LINE: 19
----------------------------------------------------------------
MOD: NS->QUICK-ORDER

FILE: catalog/controller/common/header.php
CODE: $this->load->model('setting/extension');
LINE: 13

FILE: catalog/view/theme/cedar/template/common/header.twig
CODE: </head>
LINE: 107

FILE: catalog/view/theme/default/template/common/header.twig
CODE: </head>
LINE: 105

FILE: catalog/view/theme/cedar/template/common/cart.twig
CODE: {{ text_checkout }}
LINE: 60

FILE: catalog/view/theme/default/template/common/cart.twig
CODE: {{ text_checkout }}
LINE: 55

FILE: catalog/controller/common/cart.php
CODE: $this->load->model('tool/image');
LINE: 58

FILE: catalog/view/theme/cedar/template/product/product.twig
CODE: <button type="button" id="button-cart"
LINE: 215

FILE: catalog/view/theme/default/template/product/product.twig
CODE: <button type="button" id="button-cart"
LINE: 295

FILE: catalog/model/catalog/product.php
CODE: 'weight'                  => $product_option_value['weight'],
LINE: 365

FILE: catalog/controller/product/product.php
CODE: $this->load->language('product/product');
LINE: 15
LINE: 554
LINE: 743
LINE: 790
CODE: $data['options'] = array();
LINE: 350
CODE: $product_option_value_data[] = array(
LINE: 367

FILE: catalog/view/theme/default/template/product/category.twig
CODE: <div class="button-group">
LINE: 158

FILE: catalog/controller/product/category.php
CODE: $this->load->language('product/category');
LINE: 15

FILE: catalog/view/theme/default/template/product/search.twig
CODE: <div class="button-group">
LINE: 156

FILE: catalog/controller/product/search.php
CODE: $this->load->language('product/search');
LINE: 15

FILE: catalog/view/theme/default/template/product/special.twig
CODE: <div class="button-group">
LINE: 102

FILE: catalog/controller/product/special.php
CODE: $this->load->language('product/special');
LINE: 15

FILE: catalog/view/theme/default/template/product/manufacturer_info.twig
CODE: <div class="button-group">
LINE: 110

FILE: catalog/controller/product/manufacturer.php
CODE: $this->load->language('product/manufacturer');
LINE: 15
LINE: 78

FILE: catalog/view/theme/cedar/template/extension/module/featured.twig
CODE: <div class="button-group">
LINE: 70

FILE: catalog/view/theme/default/template/extension/module/featured.twig
CODE: <div class="button-group">
LINE: 50

FILE: catalog/controller/extension/module/featured.php
CODE: $this->load->language('extension/module/featured');
LINE: 12

FILE: catalog/view/theme/default/template/extension/module/special.twig
CODE: <div class="button-group">
LINE: 31

FILE: catalog/controller/extension/module/special.php
CODE: $this->load->language('extension/module/special');
LINE: 12

FILE: catalog/view/theme/default/template/extension/module/bestseller.twig
CODE: <div class="button-group">
LINE: 45

FILE: catalog/controller/extension/module/bestseller.php
CODE: $this->load->language('extension/module/bestseller');
LINE: 12

FILE: catalog/view/theme/default/template/extension/module/latest.twig
CODE: <div class="button-group">
LINE: 31

FILE: catalog/controller/extension/module/latest.php
CODE: $this->load->language('extension/module/latest');
LINE: 12

FILE: admin/view/template/common/header.twig
CODE: <ul class="nav navbar-nav navbar-right">
LINE: 71

FILE: admin/controller/common/column_left.php
CODE: if ($this->user->hasPermission('access', 'sale/order')) {
LINE: 303

FILE: admin/language/en-gb/common/column_left.php
CODE: // Text
LINE: 4

FILE: admin/language/ru-ru/common/column_left.php
CODE: // Text
LINE: 7

FILE: admin/language/en-gb/common/header.php
CODE: // Text
LINE: 10

FILE: admin/language/ru-ru/common/header.php
CODE: // Text
LINE: 10

FILE: admin/controller/common/header.php
CODE: $data['logged'] = true;
LINE: 38

FILE: admin/controller/sale/order.php
CODE: $content = $this->load->controller('payment/' . $order_info['payment_code'] . '/order');
NOT FOUND - OPERATIONS ABORTED!
----------------------------------------------------------------
MOD: Localcopy OCMOD Install Fix

FILE: admin/controller/marketplace/install.php
CODE: if ($safe) {
LINE: 165
CODE: if (is_dir($file) && !is_dir($path)) {
LINE: 221
----------------------------------------------------------------
MOD: Очиcтка кэша
CODE: $data['logged'] = true;
LINE: 57
CODE: <ul class="nav navbar-nav navbar-right">
LINE: 116
CODE: <ul class="nav navbar-nav navbar-right">
LINE: 134
----------------------------------------------------------------
